#-----------------------------------------------------------
# Vivado v2019.2 (64-bit)
# SW Build 2708876 on Wed Nov  6 21:39:14 MST 2019
# IP Build 2700528 on Thu Nov  7 00:09:20 MST 2019
# Start of session at: Tue Dec  3 12:49:35 2019
# Process ID: 2348
# Current directory: /home/risc-v/Documents/freedom
# Command line: vivado
# Log file: /home/risc-v/Documents/freedom/vivado.log
# Journal file: /home/risc-v/Documents/freedom/vivado.jou
#-----------------------------------------------------------
start_gui
open_project /home/risc-v/Documents/freedom/pynq/pynq.xpr
Scanning sources...
Finished scanning sources
INFO: [IP_Flow 19-234] Refreshing IP repositories
INFO: [IP_Flow 19-1704] No user IP repositories specified
INFO: [IP_Flow 19-2313] Loaded Vivado IP repository '/tools/Xilinx/Vivado/2019.2/data/ip'.
open_project: Time (s): cpu = 00:00:09 ; elapsed = 00:00:11 . Memory (MB): peak = 6331.168 ; gain = 93.602 ; free physical = 4018 ; free virtual = 8135
update_compile_order -fileset sources_1
export_ip_user_files -of_objects  [get_files /home/risc-v/Documents/freedom/pynq/pynq.srcs/sources_1/imports/debugpynq/sifive.freedom.debug.pynq.DebugPynqConfig.v] -no_script -reset -force -quiet
remove_files  /home/risc-v/Documents/freedom/pynq/pynq.srcs/sources_1/imports/debugpynq/sifive.freedom.debug.pynq.DebugPynqConfig.v
update_compile_order -fileset sources_1
import_files -norecurse {/home/risc-v/Documents/freedom/builds/debugpynq/sifive.freedom.debug.pynq.SmallPynqConfig.rom.v /home/risc-v/Documents/freedom/builds/debugpynq/sifive.freedom.debug.pynq.SmallPynqConfig.v}
update_compile_order -fileset sources_1
update_compile_order -fileset sources_1
reset_run synth_1
launch_runs synth_1
[Tue Dec  3 12:52:26 2019] Launched synth_1...
Run output will be captured here: /home/risc-v/Documents/freedom/pynq/pynq.runs/synth_1/runme.log
launch_runs impl_1
[Tue Dec  3 13:04:43 2019] Launched impl_1...
Run output will be captured here: /home/risc-v/Documents/freedom/pynq/pynq.runs/impl_1/runme.log
open_run impl_1
INFO: [Device 21-403] Loading part xa7z020clg400-1Q
Netlist sorting complete. Time (s): cpu = 00:00:00.23 ; elapsed = 00:00:00.22 . Memory (MB): peak = 6743.922 ; gain = 0.000 ; free physical = 3812 ; free virtual = 7831
INFO: [Netlist 29-17] Analyzing 1211 Unisim elements for replacement
INFO: [Netlist 29-28] Unisim Transformation completed in 0 CPU seconds
INFO: [Project 1-479] Netlist was created with Vivado 2019.2
INFO: [Project 1-570] Preparing netlist for logic optimization
INFO: [Timing 38-478] Restoring timing data from binary archive.
INFO: [Timing 38-479] Binary timing data restore complete.
INFO: [Project 1-856] Restoring constraints from binary archive.
INFO: [Constraints 18-5170] The checkpoint was created with non-default parameter values which do not match the current Vivado settings.  Mismatching parameters are:
  general.maxThreads
INFO: [Project 1-853] Binary constraint restore complete.
Reading XDEF placement.
Reading placer database...
Reading XDEF routing.
Read XDEF File: Time (s): cpu = 00:00:01 ; elapsed = 00:00:01 . Memory (MB): peak = 7223.039 ; gain = 10.961 ; free physical = 3338 ; free virtual = 7357
Restored from archive | CPU: 1.420000 secs | Memory: 26.614540 MB |
Finished XDEF File Restore: Time (s): cpu = 00:00:01 ; elapsed = 00:00:01 . Memory (MB): peak = 7223.039 ; gain = 10.961 ; free physical = 3338 ; free virtual = 7357
Netlist sorting complete. Time (s): cpu = 00:00:00 ; elapsed = 00:00:00 . Memory (MB): peak = 7223.039 ; gain = 0.000 ; free physical = 3340 ; free virtual = 7359
INFO: [Project 1-111] Unisim Transformation Summary:
  A total of 459 instances were transformed.
  RAM16X1D => RAM32X1D (RAMD32(x2)): 53 instances
  RAM32M => RAM32M (RAMD32(x6), RAMS32(x2)): 406 instances

open_run: Time (s): cpu = 00:00:26 ; elapsed = 00:00:35 . Memory (MB): peak = 7386.602 ; gain = 893.219 ; free physical = 3236 ; free virtual = 7259
open_report: Time (s): cpu = 00:00:07 ; elapsed = 00:00:08 . Memory (MB): peak = 7386.602 ; gain = 0.000 ; free physical = 3151 ; free virtual = 7175
