Copyright 1986-2019 Xilinx, Inc. All Rights Reserved.
-------------------------------------------------------------------------------------------------------------------------------------------------------------------------
| Tool Version     : Vivado v.2019.2 (lin64) Build 2708876 Wed Nov  6 21:39:14 MST 2019
| Date             : Sun Jan 26 17:17:25 2020
| Host             : riscv-VirtualBox running 64-bit Ubuntu 18.04.3 LTS
| Command          : report_power -file DebugPynqFPGAChip_power_routed.rpt -pb DebugPynqFPGAChip_power_summary_routed.pb -rpx DebugPynqFPGAChip_power_routed.rpx
| Design           : DebugPynqFPGAChip
| Device           : xa7z020clg400-1Q
| Design State     : routed
| Grade            : q-grade
| Process          : typical
| Characterization : Production
-------------------------------------------------------------------------------------------------------------------------------------------------------------------------

Power Report

Table of Contents
-----------------
1. Summary
1.1 On-Chip Components
1.2 Power Supply Summary
1.3 Confidence Level
2. Settings
2.1 Environment
2.2 Clock Constraints
3. Detailed Reports
3.1 By Hierarchy

1. Summary
----------

+--------------------------+--------------+
| Total On-Chip Power (W)  | 1.456        |
| Design Power Budget (W)  | Unspecified* |
| Power Budget Margin (W)  | NA           |
| Dynamic (W)              | 1.320        |
| Device Static (W)        | 0.136        |
| Effective TJA (C/W)      | 11.5         |
| Max Ambient (C)          | 108.2        |
| Junction Temperature (C) | 41.8         |
| Confidence Level         | Medium       |
| Setting File             | ---          |
| Simulation Activity File | ---          |
| Design Nets Matched      | NA           |
+--------------------------+--------------+
* Specify Design Power Budget using, set_operating_conditions -design_power_budget <value in Watts>


1.1 On-Chip Components
----------------------

+--------------------------+-----------+----------+-----------+-----------------+
| On-Chip                  | Power (W) | Used     | Available | Utilization (%) |
+--------------------------+-----------+----------+-----------+-----------------+
| Clocks                   |     0.012 |        3 |       --- |             --- |
| Slice Logic              |     0.018 |    26616 |       --- |             --- |
|   LUT as Logic           |     0.016 |    12316 |     53200 |           23.15 |
|   LUT as Distributed RAM |     0.001 |     1688 |     17400 |            9.70 |
|   CARRY4                 |    <0.001 |      456 |     13300 |            3.43 |
|   Register               |    <0.001 |     6889 |    106400 |            6.47 |
|   F7/F8 Muxes            |    <0.001 |      284 |     53200 |            0.53 |
|   Others                 |     0.000 |      672 |       --- |             --- |
|   LUT as Shift Register  |     0.000 |        1 |     17400 |           <0.01 |
| Signals                  |     0.025 |    21124 |       --- |             --- |
| Block RAM                |     0.008 |        6 |       140 |            4.29 |
| PS7                      |     1.257 |        1 |       --- |             --- |
| Static Power             |     0.136 |          |           |                 |
| Total                    |     1.456 |          |           |                 |
+--------------------------+-----------+----------+-----------+-----------------+


1.2 Power Supply Summary
------------------------

+-----------+-------------+-----------+-------------+------------+
| Source    | Voltage (V) | Total (A) | Dynamic (A) | Static (A) |
+-----------+-------------+-----------+-------------+------------+
| Vccint    |       1.000 |     0.077 |       0.063 |      0.014 |
| Vccaux    |       1.800 |     0.014 |       0.000 |      0.014 |
| Vcco33    |       3.300 |     0.000 |       0.000 |      0.000 |
| Vcco25    |       2.500 |     0.000 |       0.000 |      0.000 |
| Vcco18    |       1.800 |     0.000 |       0.000 |      0.000 |
| Vcco15    |       1.500 |     0.000 |       0.000 |      0.000 |
| Vcco135   |       1.350 |     0.000 |       0.000 |      0.000 |
| Vcco12    |       1.200 |     0.000 |       0.000 |      0.000 |
| Vccaux_io |       1.800 |     0.000 |       0.000 |      0.000 |
| Vccbram   |       1.000 |     0.001 |       0.000 |      0.001 |
| MGTAVcc   |       1.000 |     0.000 |       0.000 |      0.000 |
| MGTAVtt   |       1.200 |     0.000 |       0.000 |      0.000 |
| MGTVccaux |       1.800 |     0.000 |       0.000 |      0.000 |
| Vccpint   |       1.000 |     0.675 |       0.648 |      0.028 |
| Vccpaux   |       1.800 |     0.036 |       0.026 |      0.010 |
| Vccpll    |       1.800 |     0.017 |       0.014 |      0.003 |
| Vcco_ddr  |       1.500 |     0.354 |       0.352 |      0.002 |
| Vcco_mio0 |       3.300 |     0.003 |       0.002 |      0.001 |
| Vcco_mio1 |       1.800 |     0.003 |       0.002 |      0.001 |
| Vccadc    |       1.800 |     0.020 |       0.000 |      0.020 |
+-----------+-------------+-----------+-------------+------------+


1.3 Confidence Level
--------------------

+-----------------------------+------------+------------------------------------------------+------------------------------------------------------------------------------------------------------------+
| User Input Data             | Confidence | Details                                        | Action                                                                                                     |
+-----------------------------+------------+------------------------------------------------+------------------------------------------------------------------------------------------------------------+
| Design implementation state | High       | Design is routed                               |                                                                                                            |
| Clock nodes activity        | High       | User specified more than 95% of clocks         |                                                                                                            |
| I/O nodes activity          | High       | User specified more than 95% of inputs         |                                                                                                            |
| Internal nodes activity     | Medium     | User specified less than 25% of internal nodes | Provide missing internal nodes activity with simulation results or by editing the "By Resource Type" views |
| Device models               | High       | Device models are Production                   |                                                                                                            |
|                             |            |                                                |                                                                                                            |
| Overall confidence level    | Medium     |                                                |                                                                                                            |
+-----------------------------+------------+------------------------------------------------+------------------------------------------------------------------------------------------------------------+


2. Settings
-----------

2.1 Environment
---------------

+-----------------------+------------------------+
| Ambient Temp (C)      | 25.0                   |
| ThetaJA (C/W)         | 11.5                   |
| Airflow (LFM)         | 250                    |
| Heat Sink             | none                   |
| ThetaSA (C/W)         | 0.0                    |
| Board Selection       | medium (10"x10")       |
| # of Board Layers     | 8to11 (8 to 11 Layers) |
| Board Temperature (C) | 25.0                   |
+-----------------------+------------------------+


2.2 Clock Constraints
---------------------

+------------+---------------------------------+-----------------+
| Clock      | Domain                          | Constraint (ns) |
+------------+---------------------------------+-----------------+
| clk_fpga_0 | ps7/inst/FCLK_CLK_unbuffered[0] |            20.0 |
+------------+---------------------------------+-----------------+


3. Detailed Reports
-------------------

3.1 By Hierarchy
----------------

+---------------------+-----------+
| Name                | Power (W) |
+---------------------+-----------+
| DebugPynqFPGAChip   |     1.320 |
|   DebugPynqPlatform |     0.063 |
|     sys             |     0.063 |
|       bh            |     0.004 |
|       debug_1       |     0.002 |
|       mbus          |     0.002 |
|       mbus_1        |     0.002 |
|       pbus          |     0.006 |
|       sbus          |     0.006 |
|       tile          |     0.038 |
|   ps7               |     1.257 |
|     inst            |     1.257 |
+---------------------+-----------+


